  FFT.cpp
  FacVec.cpp
  GF2.cpp
  GF2E.cpp
  GF2EX.cpp
  GF2EXFactoring.cpp
  GF2X.cpp
d:\winntl-11_2_1\src\gf2x.cpp(566): warning C4146: 一元负运算符应用于无符号类型，结果仍为无符号类型
d:\winntl-11_2_1\src\gf2x.cpp(585): warning C4146: 一元负运算符应用于无符号类型，结果仍为无符号类型
d:\winntl-11_2_1\src\gf2x.cpp(615): warning C4146: 一元负运算符应用于无符号类型，结果仍为无符号类型
d:\winntl-11_2_1\src\gf2x.cpp(643): warning C4146: 一元负运算符应用于无符号类型，结果仍为无符号类型
d:\winntl-11_2_1\src\gf2x.cpp(691): warning C4146: 一元负运算符应用于无符号类型，结果仍为无符号类型
  GF2X1.cpp
  GF2XFactoring.cpp
  GF2XVec.cpp
  G_LLL_FP.cpp
  G_LLL_QP.cpp
  G_LLL_RR.cpp
  G_LLL_XD.cpp
  HNF.cpp
  LLL.cpp
  LLL_FP.cpp
  LLL_QP.cpp
  LLL_RR.cpp
  LLL_XD.cpp
  正在生成代码...
  正在编译...
  MatPrime.cpp
d:\winntl-11_2_1\src\matprime.cpp(162): warning C4101: “w”: 未引用的局部变量
  RR.cpp
  WordVector.cpp
  ZZ.cpp
d:\winntl-11_2_1\src\zz.cpp(381): warning C4146: 一元负运算符应用于无符号类型，结果仍为无符号类型
d:\winntl-11_2_1\src\zz.cpp(643): warning C4146: 一元负运算符应用于无符号类型，结果仍为无符号类型
d:\winntl-11_2_1\src\zz.cpp(647): warning C4146: 一元负运算符应用于无符号类型，结果仍为无符号类型
d:\winntl-11_2_1\src\zz.cpp(658): warning C4146: 一元负运算符应用于无符号类型，结果仍为无符号类型
d:\winntl-11_2_1\src\zz.cpp(849): warning C4146: 一元负运算符应用于无符号类型，结果仍为无符号类型
d:\winntl-11_2_1\src\zz.cpp(2806): warning C4244: “=”: 从“unsigned long”转换到“unsigned char”，可能丢失数据
d:\winntl-11_2_1\src\zz.cpp(2807): warning C4244: “=”: 从“unsigned long”转换到“unsigned char”，可能丢失数据
d:\winntl-11_2_1\src\zz.cpp(2968): warning C4146: 一元负运算符应用于无符号类型，结果仍为无符号类型
d:\winntl-11_2_1\src\zz.cpp(2972): warning C4146: 一元负运算符应用于无符号类型，结果仍为无符号类型
d:\winntl-11_2_1\src\zz.cpp(2984): warning C4146: 一元负运算符应用于无符号类型，结果仍为无符号类型
  ZZVec.cpp
  ZZX.cpp
  ZZX1.cpp
d:\winntl-11_2_1\src\zzx1.cpp(1459): warning C4101: “i”: 未引用的局部变量
  ZZXCharPoly.cpp
  ZZXFactoring.cpp
d:\winntl-11_2_1\src\zzxfactoring.cpp(1279): warning C4146: 一元负运算符应用于无符号类型，结果仍为无符号类型
d:\winntl-11_2_1\src\zzxfactoring.cpp(1281): warning C4146: 一元负运算符应用于无符号类型，结果仍为无符号类型
  ZZ_p.cpp
  ZZ_pE.cpp
  ZZ_pEX.cpp
  ZZ_pEXFactoring.cpp
  ZZ_pX.cpp
d:\winntl-11_2_1\src\zz_px.cpp(2263): warning C4101: “l”: 未引用的局部变量
  ZZ_pX1.cpp
  ZZ_pXCharPoly.cpp
  ZZ_pXFactoring.cpp
  lip.cpp
d:\winntl-11_2_1\src\lip.cpp(111): warning C4146: 一元负运算符应用于无符号类型，结果仍为无符号类型
d:\winntl-11_2_1\src\lip.cpp(513): warning C4146: 一元负运算符应用于无符号类型，结果仍为无符号类型
d:\winntl-11_2_1\src\lip.cpp(1726): warning C4146: 一元负运算符应用于无符号类型，结果仍为无符号类型
d:\winntl-11_2_1\src\lip.cpp(2202): warning C4146: 一元负运算符应用于无符号类型，结果仍为无符号类型
d:\winntl-11_2_1\src\lip.cpp(2890): warning C4101: “alias”: 未引用的局部变量
d:\winntl-11_2_1\src\lip.cpp(3092): warning C4101: “alias”: 未引用的局部变量
d:\winntl-11_2_1\src\lip.cpp(5437): warning C4146: 一元负运算符应用于无符号类型，结果仍为无符号类型
d:\winntl-11_2_1\src\lip.cpp(8161): warning C4146: 一元负运算符应用于无符号类型，结果仍为无符号类型
  lzz_p.cpp
  lzz_pE.cpp
  正在生成代码...
  正在编译...
  lzz_pEX.cpp
  lzz_pEXFactoring.cpp
  lzz_pX.cpp
  lzz_pX1.cpp
  lzz_pXCharPoly.cpp
  lzz_pXFactoring.cpp
  mat_GF2.cpp
  mat_GF2E.cpp
  mat_RR.cpp
  mat_ZZ.cpp
  mat_ZZ_p.cpp
  mat_ZZ_pE.cpp
  mat_lzz_p.cpp
  mat_lzz_pE.cpp
  mat_poly_ZZ.cpp
  mat_poly_ZZ_p.cpp
  mat_poly_lzz_p.cpp
  quad_float.cpp
d:\winntl-11_2_1\src\quad_float.cpp(612): warning C4146: 一元负运算符应用于无符号类型，结果仍为无符号类型
  vec_GF2.cpp
  vec_GF2E.cpp
  正在生成代码...
  正在编译...
  vec_RR.cpp
  vec_ZZ.cpp
  vec_ZZ_p.cpp
  vec_ZZ_pE.cpp
  vec_lzz_p.cpp
d:\winntl-11_2_1\src\vec_lzz_p.cpp(10): warning C4101: “i”: 未引用的局部变量
d:\winntl-11_2_1\src\vec_lzz_p.cpp(21): warning C4101: “i”: 未引用的局部变量
  vec_lzz_pE.cpp
  xdouble.cpp
  正在生成代码...
  NTL.vcxproj -> D:\WinNTL-11_2_1\src\Debug\NTL.lib
